{"C:\\Users\\alari\\Documents\\Programming\\GTOffroad\\DAQAnalyticsWebsiteMK2\\backend\\middleware\\validation\\schemas.js": {"path":"C:\\Users\\alari\\Documents\\Programming\\GTOffroad\\DAQAnalyticsWebsiteMK2\\backend\\middleware\\validation\\schemas.js","statementMap":{"0":{"start":{"line":1,"column":12},"end":{"line":1,"column":26}},"1":{"start":{"line":3,"column":23},"end":{"line":10,"column":2}},"2":{"start":{"line":13,"column":16},"end":{"line":15,"column":1}},"3":{"start":{"line":17,"column":0},"end":{"line":17,"column":24}}},"fnMap":{},"branchMap":{},"s":{"0":2,"1":2,"2":2,"3":2},"f":{},"b":{},"_coverageSchema":"1a1c01bbd47fc00a2c39e90264f33305004495a9","hash":"6392d0cd018b58ccaa99fbc4596eb20f745634b8"}
,"C:\\Users\\alari\\Documents\\Programming\\GTOffroad\\DAQAnalyticsWebsiteMK2\\backend\\middleware\\validation\\validation.js": {"path":"C:\\Users\\alari\\Documents\\Programming\\GTOffroad\\DAQAnalyticsWebsiteMK2\\backend\\middleware\\validation\\validation.js","statementMap":{"0":{"start":{"line":1,"column":12},"end":{"line":1,"column":26}},"1":{"start":{"line":4,"column":30},"end":{"line":8,"column":1}},"2":{"start":{"line":5,"column":4},"end":{"line":7,"column":5}},"3":{"start":{"line":6,"column":22},"end":{"line":6,"column":52}}},"fnMap":{"0":{"name":"(anonymous_0)","decl":{"start":{"line":4,"column":30},"end":{"line":4,"column":31}},"loc":{"start":{"line":4,"column":52},"end":{"line":8,"column":1}},"line":4},"1":{"name":"(anonymous_1)","decl":{"start":{"line":5,"column":11},"end":{"line":5,"column":12}},"loc":{"start":{"line":5,"column":31},"end":{"line":7,"column":5}},"line":5}},"branchMap":{},"s":{"0":2,"1":2,"2":0,"3":0},"f":{"0":0,"1":0},"b":{},"_coverageSchema":"1a1c01bbd47fc00a2c39e90264f33305004495a9","hash":"3f39aa3bf4beabaf4ceba50fb36b130b637cf1de"}
,"C:\\Users\\alari\\Documents\\Programming\\GTOffroad\\DAQAnalyticsWebsiteMK2\\backend\\routes\\datasets.js": {"path":"C:\\Users\\alari\\Documents\\Programming\\GTOffroad\\DAQAnalyticsWebsiteMK2\\backend\\routes\\datasets.js","statementMap":{"0":{"start":{"line":1,"column":16},"end":{"line":1,"column":34}},"1":{"start":{"line":2,"column":15},"end":{"line":2,"column":31}},"2":{"start":{"line":3,"column":11},"end":{"line":3,"column":29}},"3":{"start":{"line":4,"column":11},"end":{"line":4,"column":36}},"4":{"start":{"line":5,"column":15},"end":{"line":5,"column":32}},"5":{"start":{"line":6,"column":13},"end":{"line":6,"column":33}},"6":{"start":{"line":7,"column":13},"end":{"line":7,"column":28}},"7":{"start":{"line":8,"column":15},"end":{"line":8,"column":32}},"8":{"start":{"line":11,"column":0},"end":{"line":11,"column":18}},"9":{"start":{"line":13,"column":18},"end":{"line":13,"column":50}},"10":{"start":{"line":14,"column":0},"end":{"line":16,"column":1}},"11":{"start":{"line":15,"column":4},"end":{"line":15,"column":48}},"12":{"start":{"line":18,"column":16},"end":{"line":27,"column":2}},"13":{"start":{"line":20,"column":8},"end":{"line":20,"column":27}},"14":{"start":{"line":24,"column":25},"end":{"line":24,"column":95}},"15":{"start":{"line":25,"column":8},"end":{"line":25,"column":26}},"16":{"start":{"line":29,"column":15},"end":{"line":29,"column":34}},"17":{"start":{"line":31,"column":0},"end":{"line":35,"column":2}},"18":{"start":{"line":32,"column":17},"end":{"line":32,"column":52}},"19":{"start":{"line":33,"column":21},"end":{"line":33,"column":31}},"20":{"start":{"line":34,"column":4},"end":{"line":34,"column":22}},"21":{"start":{"line":37,"column":0},"end":{"line":41,"column":2}},"22":{"start":{"line":38,"column":17},"end":{"line":38,"column":65}},"23":{"start":{"line":39,"column":20},"end":{"line":39,"column":43}},"24":{"start":{"line":40,"column":4},"end":{"line":40,"column":21}},"25":{"start":{"line":43,"column":0},"end":{"line":75,"column":2}},"26":{"start":{"line":44,"column":67},"end":{"line":44,"column":75}},"27":{"start":{"line":45,"column":4},"end":{"line":47,"column":5}},"28":{"start":{"line":46,"column":8},"end":{"line":46,"column":73}},"29":{"start":{"line":48,"column":4},"end":{"line":74,"column":5}},"30":{"start":{"line":50,"column":19},"end":{"line":50,"column":38}},"31":{"start":{"line":52,"column":20},"end":{"line":52,"column":75}},"32":{"start":{"line":53,"column":21},"end":{"line":57,"column":75}},"33":{"start":{"line":58,"column":8},"end":{"line":68,"column":11}},"34":{"start":{"line":69,"column":8},"end":{"line":69,"column":36}},"35":{"start":{"line":72,"column":8},"end":{"line":72,"column":53}},"36":{"start":{"line":73,"column":8},"end":{"line":73,"column":52}},"37":{"start":{"line":78,"column":0},"end":{"line":91,"column":2}},"38":{"start":{"line":79,"column":20},"end":{"line":79,"column":33}},"39":{"start":{"line":80,"column":19},"end":{"line":80,"column":76}},"40":{"start":{"line":82,"column":1},"end":{"line":90,"column":3}},"41":{"start":{"line":83,"column":2},"end":{"line":89,"column":3}},"42":{"start":{"line":84,"column":3},"end":{"line":84,"column":21}},"43":{"start":{"line":85,"column":3},"end":{"line":85,"column":34}},"44":{"start":{"line":87,"column":19},"end":{"line":87,"column":35}},"45":{"start":{"line":88,"column":3},"end":{"line":88,"column":22}},"46":{"start":{"line":93,"column":0},"end":{"line":149,"column":2}},"47":{"start":{"line":94,"column":4},"end":{"line":94,"column":53}},"48":{"start":{"line":95,"column":4},"end":{"line":95,"column":34}},"49":{"start":{"line":97,"column":4},"end":{"line":99,"column":5}},"50":{"start":{"line":98,"column":8},"end":{"line":98,"column":66}},"51":{"start":{"line":100,"column":79},"end":{"line":100,"column":87}},"52":{"start":{"line":102,"column":4},"end":{"line":104,"column":5}},"53":{"start":{"line":103,"column":8},"end":{"line":103,"column":73}},"54":{"start":{"line":105,"column":4},"end":{"line":148,"column":5}},"55":{"start":{"line":107,"column":19},"end":{"line":107,"column":38}},"56":{"start":{"line":109,"column":20},"end":{"line":109,"column":75}},"57":{"start":{"line":114,"column":8},"end":{"line":123,"column":9}},"58":{"start":{"line":116,"column":12},"end":{"line":116,"column":59}},"59":{"start":{"line":117,"column":15},"end":{"line":123,"column":9}},"60":{"start":{"line":119,"column":12},"end":{"line":119,"column":33}},"61":{"start":{"line":122,"column":12},"end":{"line":122,"column":47}},"62":{"start":{"line":125,"column":21},"end":{"line":129,"column":75}},"63":{"start":{"line":130,"column":8},"end":{"line":140,"column":11}},"64":{"start":{"line":142,"column":8},"end":{"line":142,"column":66}},"65":{"start":{"line":143,"column":8},"end":{"line":143,"column":65}},"66":{"start":{"line":146,"column":8},"end":{"line":146,"column":53}},"67":{"start":{"line":147,"column":8},"end":{"line":147,"column":52}},"68":{"start":{"line":151,"column":0},"end":{"line":151,"column":24}}},"fnMap":{"0":{"name":"(anonymous_0)","decl":{"start":{"line":19,"column":17},"end":{"line":19,"column":18}},"loc":{"start":{"line":19,"column":42},"end":{"line":21,"column":5}},"line":19},"1":{"name":"(anonymous_1)","decl":{"start":{"line":22,"column":14},"end":{"line":22,"column":15}},"loc":{"start":{"line":22,"column":39},"end":{"line":26,"column":5}},"line":22},"2":{"name":"(anonymous_2)","decl":{"start":{"line":31,"column":16},"end":{"line":31,"column":17}},"loc":{"start":{"line":31,"column":30},"end":{"line":35,"column":1}},"line":31},"3":{"name":"(anonymous_3)","decl":{"start":{"line":37,"column":19},"end":{"line":37,"column":20}},"loc":{"start":{"line":37,"column":33},"end":{"line":41,"column":1}},"line":37},"4":{"name":"(anonymous_4)","decl":{"start":{"line":43,"column":17},"end":{"line":43,"column":18}},"loc":{"start":{"line":43,"column":31},"end":{"line":75,"column":1}},"line":43},"5":{"name":"(anonymous_5)","decl":{"start":{"line":78,"column":24},"end":{"line":78,"column":25}},"loc":{"start":{"line":78,"column":38},"end":{"line":91,"column":1}},"line":78},"6":{"name":"(anonymous_6)","decl":{"start":{"line":82,"column":32},"end":{"line":82,"column":33}},"loc":{"start":{"line":82,"column":47},"end":{"line":90,"column":2}},"line":82},"7":{"name":"(anonymous_7)","decl":{"start":{"line":93,"column":46},"end":{"line":93,"column":47}},"loc":{"start":{"line":93,"column":60},"end":{"line":149,"column":1}},"line":93}},"branchMap":{"0":{"loc":{"start":{"line":14,"column":0},"end":{"line":16,"column":1}},"type":"if","locations":[{"start":{"line":14,"column":0},"end":{"line":16,"column":1}},{"start":{},"end":{}}],"line":14},"1":{"loc":{"start":{"line":45,"column":4},"end":{"line":47,"column":5}},"type":"if","locations":[{"start":{"line":45,"column":4},"end":{"line":47,"column":5}},{"start":{},"end":{}}],"line":45},"2":{"loc":{"start":{"line":45,"column":8},"end":{"line":45,"column":23}},"type":"binary-expr","locations":[{"start":{"line":45,"column":8},"end":{"line":45,"column":14}},{"start":{"line":45,"column":18},"end":{"line":45,"column":23}}],"line":45},"3":{"loc":{"start":{"line":61,"column":25},"end":{"line":61,"column":44}},"type":"binary-expr","locations":[{"start":{"line":61,"column":25},"end":{"line":61,"column":36}},{"start":{"line":61,"column":40},"end":{"line":61,"column":44}}],"line":61},"4":{"loc":{"start":{"line":65,"column":25},"end":{"line":65,"column":44}},"type":"binary-expr","locations":[{"start":{"line":65,"column":25},"end":{"line":65,"column":36}},{"start":{"line":65,"column":40},"end":{"line":65,"column":44}}],"line":65},"5":{"loc":{"start":{"line":66,"column":24},"end":{"line":66,"column":42}},"type":"binary-expr","locations":[{"start":{"line":66,"column":24},"end":{"line":66,"column":34}},{"start":{"line":66,"column":38},"end":{"line":66,"column":42}}],"line":66},"6":{"loc":{"start":{"line":67,"column":25},"end":{"line":67,"column":44}},"type":"cond-expr","locations":[{"start":{"line":67,"column":39},"end":{"line":67,"column":40}},{"start":{"line":67,"column":43},"end":{"line":67,"column":44}}],"line":67},"7":{"loc":{"start":{"line":83,"column":2},"end":{"line":89,"column":3}},"type":"if","locations":[{"start":{"line":83,"column":2},"end":{"line":89,"column":3}},{"start":{"line":86,"column":9},"end":{"line":89,"column":3}}],"line":83},"8":{"loc":{"start":{"line":97,"column":4},"end":{"line":99,"column":5}},"type":"if","locations":[{"start":{"line":97,"column":4},"end":{"line":99,"column":5}},{"start":{},"end":{}}],"line":97},"9":{"loc":{"start":{"line":102,"column":4},"end":{"line":104,"column":5}},"type":"if","locations":[{"start":{"line":102,"column":4},"end":{"line":104,"column":5}},{"start":{},"end":{}}],"line":102},"10":{"loc":{"start":{"line":102,"column":8},"end":{"line":102,"column":23}},"type":"binary-expr","locations":[{"start":{"line":102,"column":8},"end":{"line":102,"column":14}},{"start":{"line":102,"column":18},"end":{"line":102,"column":23}}],"line":102},"11":{"loc":{"start":{"line":114,"column":8},"end":{"line":123,"column":9}},"type":"if","locations":[{"start":{"line":114,"column":8},"end":{"line":123,"column":9}},{"start":{"line":117,"column":15},"end":{"line":123,"column":9}}],"line":114},"12":{"loc":{"start":{"line":117,"column":15},"end":{"line":123,"column":9}},"type":"if","locations":[{"start":{"line":117,"column":15},"end":{"line":123,"column":9}},{"start":{"line":120,"column":15},"end":{"line":123,"column":9}}],"line":117},"13":{"loc":{"start":{"line":133,"column":25},"end":{"line":133,"column":44}},"type":"binary-expr","locations":[{"start":{"line":133,"column":25},"end":{"line":133,"column":36}},{"start":{"line":133,"column":40},"end":{"line":133,"column":44}}],"line":133},"14":{"loc":{"start":{"line":137,"column":25},"end":{"line":137,"column":44}},"type":"binary-expr","locations":[{"start":{"line":137,"column":25},"end":{"line":137,"column":36}},{"start":{"line":137,"column":40},"end":{"line":137,"column":44}}],"line":137},"15":{"loc":{"start":{"line":138,"column":24},"end":{"line":138,"column":42}},"type":"binary-expr","locations":[{"start":{"line":138,"column":24},"end":{"line":138,"column":34}},{"start":{"line":138,"column":38},"end":{"line":138,"column":42}}],"line":138},"16":{"loc":{"start":{"line":139,"column":25},"end":{"line":139,"column":44}},"type":"cond-expr","locations":[{"start":{"line":139,"column":39},"end":{"line":139,"column":40}},{"start":{"line":139,"column":43},"end":{"line":139,"column":44}}],"line":139}},"s":{"0":2,"1":2,"2":2,"3":2,"4":2,"5":2,"6":2,"7":2,"8":2,"9":2,"10":2,"11":0,"12":2,"13":0,"14":0,"15":0,"16":2,"17":2,"18":0,"19":0,"20":0,"21":2,"22":0,"23":0,"24":0,"25":2,"26":0,"27":0,"28":0,"29":0,"30":0,"31":0,"32":0,"33":0,"34":0,"35":0,"36":0,"37":2,"38":0,"39":0,"40":0,"41":0,"42":0,"43":0,"44":0,"45":0,"46":2,"47":0,"48":0,"49":0,"50":0,"51":0,"52":0,"53":0,"54":0,"55":0,"56":0,"57":0,"58":0,"59":0,"60":0,"61":0,"62":0,"63":0,"64":0,"65":0,"66":0,"67":0,"68":2},"f":{"0":0,"1":0,"2":0,"3":0,"4":0,"5":0,"6":0,"7":0},"b":{"0":[0,2],"1":[0,0],"2":[0,0],"3":[0,0],"4":[0,0],"5":[0,0],"6":[0,0],"7":[0,0],"8":[0,0],"9":[0,0],"10":[0,0],"11":[0,0],"12":[0,0],"13":[0,0],"14":[0,0],"15":[0,0],"16":[0,0]},"_coverageSchema":"1a1c01bbd47fc00a2c39e90264f33305004495a9","hash":"416f8def51096555040559e398d348f02bf8bae0"}
,"C:\\Users\\alari\\Documents\\Programming\\GTOffroad\\DAQAnalyticsWebsiteMK2\\backend\\routes\\locations.js": {"path":"C:\\Users\\alari\\Documents\\Programming\\GTOffroad\\DAQAnalyticsWebsiteMK2\\backend\\routes\\locations.js","statementMap":{"0":{"start":{"line":1,"column":16},"end":{"line":1,"column":34}},"1":{"start":{"line":2,"column":15},"end":{"line":2,"column":31}},"2":{"start":{"line":3,"column":11},"end":{"line":3,"column":36}},"3":{"start":{"line":4,"column":15},"end":{"line":4,"column":32}},"4":{"start":{"line":5,"column":13},"end":{"line":5,"column":28}},"5":{"start":{"line":6,"column":19},"end":{"line":6,"column":65}},"6":{"start":{"line":7,"column":16},"end":{"line":7,"column":59}},"7":{"start":{"line":8,"column":12},"end":{"line":8,"column":26}},"8":{"start":{"line":10,"column":0},"end":{"line":10,"column":18}},"9":{"start":{"line":12,"column":0},"end":{"line":21,"column":2}},"10":{"start":{"line":13,"column":4},"end":{"line":20,"column":5}},"11":{"start":{"line":14,"column":21},"end":{"line":14,"column":57}},"12":{"start":{"line":15,"column":30},"end":{"line":15,"column":40}},"13":{"start":{"line":16,"column":8},"end":{"line":16,"column":40}},"14":{"start":{"line":18,"column":8},"end":{"line":18,"column":60}},"15":{"start":{"line":19,"column":8},"end":{"line":19,"column":50}},"16":{"start":{"line":23,"column":0},"end":{"line":35,"column":2}},"17":{"start":{"line":24,"column":4},"end":{"line":34,"column":5}},"18":{"start":{"line":25,"column":21},"end":{"line":25,"column":70}},"19":{"start":{"line":26,"column":25},"end":{"line":26,"column":48}},"20":{"start":{"line":27,"column":8},"end":{"line":29,"column":9}},"21":{"start":{"line":28,"column":12},"end":{"line":28,"column":96}},"22":{"start":{"line":30,"column":8},"end":{"line":30,"column":45}},"23":{"start":{"line":32,"column":8},"end":{"line":32,"column":56}},"24":{"start":{"line":33,"column":8},"end":{"line":33,"column":58}},"25":{"start":{"line":37,"column":0},"end":{"line":80,"column":2}},"26":{"start":{"line":39,"column":22},"end":{"line":39,"column":57}},"27":{"start":{"line":41,"column":4},"end":{"line":48,"column":5}},"28":{"start":{"line":42,"column":24},"end":{"line":42,"column":37}},"29":{"start":{"line":44,"column":24},"end":{"line":44,"column":61}},"30":{"start":{"line":44,"column":41},"end":{"line":44,"column":50}},"31":{"start":{"line":46,"column":8},"end":{"line":46,"column":38}},"32":{"start":{"line":47,"column":8},"end":{"line":47,"column":53}},"33":{"start":{"line":50,"column":80},"end":{"line":50,"column":88}},"34":{"start":{"line":52,"column":15},"end":{"line":52,"column":34}},"35":{"start":{"line":53,"column":16},"end":{"line":53,"column":71}},"36":{"start":{"line":55,"column":4},"end":{"line":79,"column":5}},"37":{"start":{"line":56,"column":21},"end":{"line":60,"column":69}},"38":{"start":{"line":62,"column":8},"end":{"line":72,"column":10}},"39":{"start":{"line":74,"column":8},"end":{"line":74,"column":66}},"40":{"start":{"line":75,"column":8},"end":{"line":75,"column":45}},"41":{"start":{"line":77,"column":8},"end":{"line":77,"column":59}},"42":{"start":{"line":78,"column":8},"end":{"line":78,"column":57}},"43":{"start":{"line":82,"column":0},"end":{"line":82,"column":23}}},"fnMap":{"0":{"name":"(anonymous_0)","decl":{"start":{"line":12,"column":16},"end":{"line":12,"column":17}},"loc":{"start":{"line":12,"column":30},"end":{"line":21,"column":1}},"line":12},"1":{"name":"(anonymous_1)","decl":{"start":{"line":23,"column":19},"end":{"line":23,"column":20}},"loc":{"start":{"line":23,"column":33},"end":{"line":35,"column":1}},"line":23},"2":{"name":"(anonymous_2)","decl":{"start":{"line":37,"column":17},"end":{"line":37,"column":18}},"loc":{"start":{"line":37,"column":31},"end":{"line":80,"column":1}},"line":37},"3":{"name":"(anonymous_3)","decl":{"start":{"line":44,"column":36},"end":{"line":44,"column":37}},"loc":{"start":{"line":44,"column":41},"end":{"line":44,"column":50}},"line":44}},"branchMap":{"0":{"loc":{"start":{"line":27,"column":8},"end":{"line":29,"column":9}},"type":"if","locations":[{"start":{"line":27,"column":8},"end":{"line":29,"column":9}},{"start":{},"end":{}}],"line":27},"1":{"loc":{"start":{"line":41,"column":4},"end":{"line":48,"column":5}},"type":"if","locations":[{"start":{"line":41,"column":4},"end":{"line":48,"column":5}},{"start":{},"end":{}}],"line":41},"2":{"loc":{"start":{"line":66,"column":25},"end":{"line":66,"column":44}},"type":"cond-expr","locations":[{"start":{"line":66,"column":39},"end":{"line":66,"column":40}},{"start":{"line":66,"column":43},"end":{"line":66,"column":44}}],"line":66}},"s":{"0":2,"1":2,"2":2,"3":2,"4":2,"5":2,"6":2,"7":2,"8":2,"9":2,"10":2,"11":2,"12":2,"13":2,"14":0,"15":0,"16":2,"17":2,"18":2,"19":2,"20":2,"21":1,"22":1,"23":0,"24":0,"25":2,"26":3,"27":3,"28":2,"29":2,"30":2,"31":2,"32":2,"33":1,"34":1,"35":1,"36":1,"37":1,"38":1,"39":1,"40":1,"41":0,"42":0,"43":2},"f":{"0":2,"1":2,"2":3,"3":2},"b":{"0":[1,1],"1":[2,1],"2":[1,0]},"_coverageSchema":"1a1c01bbd47fc00a2c39e90264f33305004495a9","hash":"f476658c8d2c9550923673930379f9dc0e62e3ed"}
,"C:\\Users\\alari\\Documents\\Programming\\GTOffroad\\DAQAnalyticsWebsiteMK2\\backend\\routes\\vehicles.js": {"path":"C:\\Users\\alari\\Documents\\Programming\\GTOffroad\\DAQAnalyticsWebsiteMK2\\backend\\routes\\vehicles.js","statementMap":{"0":{"start":{"line":1,"column":16},"end":{"line":1,"column":34}},"1":{"start":{"line":2,"column":15},"end":{"line":2,"column":31}},"2":{"start":{"line":3,"column":11},"end":{"line":3,"column":36}},"3":{"start":{"line":4,"column":15},"end":{"line":4,"column":32}},"4":{"start":{"line":5,"column":13},"end":{"line":5,"column":28}},"5":{"start":{"line":7,"column":0},"end":{"line":7,"column":18}},"6":{"start":{"line":9,"column":0},"end":{"line":44,"column":2}},"7":{"start":{"line":10,"column":4},"end":{"line":10,"column":53}},"8":{"start":{"line":12,"column":35},"end":{"line":12,"column":43}},"9":{"start":{"line":14,"column":4},"end":{"line":16,"column":5}},"10":{"start":{"line":15,"column":8},"end":{"line":15,"column":73}},"11":{"start":{"line":17,"column":4},"end":{"line":43,"column":5}},"12":{"start":{"line":19,"column":19},"end":{"line":19,"column":38}},"13":{"start":{"line":21,"column":20},"end":{"line":21,"column":75}},"14":{"start":{"line":24,"column":21},"end":{"line":28,"column":34}},"15":{"start":{"line":29,"column":8},"end":{"line":35,"column":11}},"16":{"start":{"line":37,"column":8},"end":{"line":37,"column":66}},"17":{"start":{"line":38,"column":8},"end":{"line":38,"column":36}},"18":{"start":{"line":41,"column":8},"end":{"line":41,"column":53}},"19":{"start":{"line":42,"column":8},"end":{"line":42,"column":52}},"20":{"start":{"line":46,"column":0},"end":{"line":55,"column":2}},"21":{"start":{"line":47,"column":4},"end":{"line":54,"column":5}},"22":{"start":{"line":48,"column":21},"end":{"line":48,"column":82}},"23":{"start":{"line":49,"column":25},"end":{"line":49,"column":35}},"24":{"start":{"line":50,"column":8},"end":{"line":50,"column":26}},"25":{"start":{"line":52,"column":8},"end":{"line":52,"column":54}},"26":{"start":{"line":53,"column":8},"end":{"line":53,"column":52}},"27":{"start":{"line":57,"column":0},"end":{"line":69,"column":2}},"28":{"start":{"line":58,"column":4},"end":{"line":68,"column":5}},"29":{"start":{"line":59,"column":21},"end":{"line":59,"column":69}},"30":{"start":{"line":60,"column":24},"end":{"line":60,"column":47}},"31":{"start":{"line":61,"column":8},"end":{"line":63,"column":9}},"32":{"start":{"line":62,"column":12},"end":{"line":62,"column":71}},"33":{"start":{"line":64,"column":8},"end":{"line":64,"column":25}},"34":{"start":{"line":66,"column":8},"end":{"line":66,"column":53}},"35":{"start":{"line":67,"column":8},"end":{"line":67,"column":52}},"36":{"start":{"line":72,"column":0},"end":{"line":106,"column":3}},"37":{"start":{"line":73,"column":35},"end":{"line":73,"column":43}},"38":{"start":{"line":75,"column":4},"end":{"line":77,"column":5}},"39":{"start":{"line":76,"column":8},"end":{"line":76,"column":68}},"40":{"start":{"line":79,"column":4},"end":{"line":105,"column":5}},"41":{"start":{"line":80,"column":20},"end":{"line":80,"column":75}},"42":{"start":{"line":82,"column":21},"end":{"line":88,"column":10}},"43":{"start":{"line":90,"column":23},"end":{"line":95,"column":10}},"44":{"start":{"line":97,"column":8},"end":{"line":99,"column":9}},"45":{"start":{"line":98,"column":12},"end":{"line":98,"column":72}},"46":{"start":{"line":101,"column":8},"end":{"line":101,"column":62}},"47":{"start":{"line":103,"column":8},"end":{"line":103,"column":54}},"48":{"start":{"line":104,"column":8},"end":{"line":104,"column":53}},"49":{"start":{"line":109,"column":0},"end":{"line":123,"column":3}},"50":{"start":{"line":110,"column":4},"end":{"line":122,"column":5}},"51":{"start":{"line":111,"column":21},"end":{"line":111,"column":67}},"52":{"start":{"line":112,"column":23},"end":{"line":112,"column":46}},"53":{"start":{"line":114,"column":8},"end":{"line":116,"column":9}},"54":{"start":{"line":115,"column":12},"end":{"line":115,"column":72}},"55":{"start":{"line":118,"column":8},"end":{"line":118,"column":62}},"56":{"start":{"line":120,"column":8},"end":{"line":120,"column":54}},"57":{"start":{"line":121,"column":8},"end":{"line":121,"column":53}},"58":{"start":{"line":125,"column":0},"end":{"line":125,"column":24}}},"fnMap":{"0":{"name":"(anonymous_0)","decl":{"start":{"line":9,"column":17},"end":{"line":9,"column":18}},"loc":{"start":{"line":9,"column":31},"end":{"line":44,"column":1}},"line":9},"1":{"name":"(anonymous_1)","decl":{"start":{"line":46,"column":16},"end":{"line":46,"column":17}},"loc":{"start":{"line":46,"column":30},"end":{"line":55,"column":1}},"line":46},"2":{"name":"(anonymous_2)","decl":{"start":{"line":57,"column":19},"end":{"line":57,"column":20}},"loc":{"start":{"line":57,"column":33},"end":{"line":69,"column":1}},"line":57},"3":{"name":"(anonymous_3)","decl":{"start":{"line":72,"column":19},"end":{"line":72,"column":20}},"loc":{"start":{"line":72,"column":33},"end":{"line":106,"column":1}},"line":72},"4":{"name":"(anonymous_4)","decl":{"start":{"line":109,"column":22},"end":{"line":109,"column":23}},"loc":{"start":{"line":109,"column":36},"end":{"line":123,"column":1}},"line":109}},"branchMap":{"0":{"loc":{"start":{"line":14,"column":4},"end":{"line":16,"column":5}},"type":"if","locations":[{"start":{"line":14,"column":4},"end":{"line":16,"column":5}},{"start":{},"end":{}}],"line":14},"1":{"loc":{"start":{"line":32,"column":25},"end":{"line":32,"column":44}},"type":"binary-expr","locations":[{"start":{"line":32,"column":25},"end":{"line":32,"column":36}},{"start":{"line":32,"column":40},"end":{"line":32,"column":44}}],"line":32},"2":{"loc":{"start":{"line":61,"column":8},"end":{"line":63,"column":9}},"type":"if","locations":[{"start":{"line":61,"column":8},"end":{"line":63,"column":9}},{"start":{},"end":{}}],"line":61},"3":{"loc":{"start":{"line":75,"column":4},"end":{"line":77,"column":5}},"type":"if","locations":[{"start":{"line":75,"column":4},"end":{"line":77,"column":5}},{"start":{},"end":{}}],"line":75},"4":{"loc":{"start":{"line":93,"column":25},"end":{"line":93,"column":44}},"type":"binary-expr","locations":[{"start":{"line":93,"column":25},"end":{"line":93,"column":36}},{"start":{"line":93,"column":40},"end":{"line":93,"column":44}}],"line":93},"5":{"loc":{"start":{"line":97,"column":8},"end":{"line":99,"column":9}},"type":"if","locations":[{"start":{"line":97,"column":8},"end":{"line":99,"column":9}},{"start":{},"end":{}}],"line":97},"6":{"loc":{"start":{"line":114,"column":8},"end":{"line":116,"column":9}},"type":"if","locations":[{"start":{"line":114,"column":8},"end":{"line":116,"column":9}},{"start":{},"end":{}}],"line":114}},"s":{"0":2,"1":2,"2":2,"3":2,"4":2,"5":2,"6":2,"7":3,"8":3,"9":3,"10":1,"11":2,"12":2,"13":2,"14":2,"15":2,"16":2,"17":2,"18":0,"19":0,"20":2,"21":2,"22":2,"23":2,"24":2,"25":0,"26":0,"27":2,"28":2,"29":2,"30":2,"31":2,"32":1,"33":1,"34":0,"35":0,"36":2,"37":3,"38":3,"39":1,"40":2,"41":2,"42":2,"43":2,"44":2,"45":1,"46":1,"47":0,"48":0,"49":2,"50":2,"51":2,"52":2,"53":2,"54":1,"55":1,"56":0,"57":0,"58":2},"f":{"0":3,"1":2,"2":2,"3":3,"4":2},"b":{"0":[1,2],"1":[2,1],"2":[1,1],"3":[1,2],"4":[2,0],"5":[1,1],"6":[1,1]},"_coverageSchema":"1a1c01bbd47fc00a2c39e90264f33305004495a9","hash":"42f839db6f7351e3596db68872b6137b02f51ee8"}
}
