{"C:\\Users\\alari\\Documents\\DAQAnalyticsWebsiteMK2\\backend\\middleware\\validation\\schemas.js": {"path":"C:\\Users\\alari\\Documents\\DAQAnalyticsWebsiteMK2\\backend\\middleware\\validation\\schemas.js","statementMap":{"0":{"start":{"line":1,"column":12},"end":{"line":1,"column":26}},"1":{"start":{"line":3,"column":23},"end":{"line":10,"column":2}},"2":{"start":{"line":13,"column":16},"end":{"line":15,"column":1}},"3":{"start":{"line":17,"column":0},"end":{"line":17,"column":24}}},"fnMap":{},"branchMap":{},"s":{"0":1,"1":1,"2":1,"3":1},"f":{},"b":{},"_coverageSchema":"1a1c01bbd47fc00a2c39e90264f33305004495a9","hash":"efc55627ab7a18714fcd3ed2af7e86dfc50b247c"}
,"C:\\Users\\alari\\Documents\\DAQAnalyticsWebsiteMK2\\backend\\middleware\\validation\\validation.js": {"path":"C:\\Users\\alari\\Documents\\DAQAnalyticsWebsiteMK2\\backend\\middleware\\validation\\validation.js","statementMap":{"0":{"start":{"line":1,"column":12},"end":{"line":1,"column":26}},"1":{"start":{"line":4,"column":30},"end":{"line":8,"column":1}},"2":{"start":{"line":5,"column":4},"end":{"line":7,"column":5}},"3":{"start":{"line":6,"column":22},"end":{"line":6,"column":52}}},"fnMap":{"0":{"name":"(anonymous_0)","decl":{"start":{"line":4,"column":30},"end":{"line":4,"column":31}},"loc":{"start":{"line":4,"column":52},"end":{"line":8,"column":1}},"line":4},"1":{"name":"(anonymous_1)","decl":{"start":{"line":5,"column":11},"end":{"line":5,"column":12}},"loc":{"start":{"line":5,"column":31},"end":{"line":7,"column":5}},"line":5}},"branchMap":{},"s":{"0":1,"1":1,"2":0,"3":0},"f":{"0":0,"1":0},"b":{},"_coverageSchema":"1a1c01bbd47fc00a2c39e90264f33305004495a9","hash":"99ee86bffc072a96d2c634f9251a26e71f33b1a0"}
,"C:\\Users\\alari\\Documents\\DAQAnalyticsWebsiteMK2\\backend\\routes\\datasets.js": {"path":"C:\\Users\\alari\\Documents\\DAQAnalyticsWebsiteMK2\\backend\\routes\\datasets.js","statementMap":{"0":{"start":{"line":1,"column":16},"end":{"line":1,"column":34}},"1":{"start":{"line":2,"column":15},"end":{"line":2,"column":31}},"2":{"start":{"line":3,"column":11},"end":{"line":3,"column":29}},"3":{"start":{"line":4,"column":11},"end":{"line":4,"column":36}},"4":{"start":{"line":5,"column":15},"end":{"line":5,"column":32}},"5":{"start":{"line":6,"column":13},"end":{"line":6,"column":33}},"6":{"start":{"line":7,"column":13},"end":{"line":7,"column":28}},"7":{"start":{"line":8,"column":15},"end":{"line":8,"column":32}},"8":{"start":{"line":11,"column":0},"end":{"line":11,"column":18}},"9":{"start":{"line":13,"column":18},"end":{"line":13,"column":50}},"10":{"start":{"line":14,"column":0},"end":{"line":16,"column":1}},"11":{"start":{"line":15,"column":4},"end":{"line":15,"column":48}},"12":{"start":{"line":18,"column":16},"end":{"line":27,"column":2}},"13":{"start":{"line":20,"column":8},"end":{"line":20,"column":27}},"14":{"start":{"line":24,"column":25},"end":{"line":24,"column":95}},"15":{"start":{"line":25,"column":8},"end":{"line":25,"column":26}},"16":{"start":{"line":29,"column":15},"end":{"line":29,"column":34}},"17":{"start":{"line":31,"column":0},"end":{"line":35,"column":2}},"18":{"start":{"line":32,"column":17},"end":{"line":32,"column":52}},"19":{"start":{"line":33,"column":21},"end":{"line":33,"column":31}},"20":{"start":{"line":34,"column":4},"end":{"line":34,"column":22}},"21":{"start":{"line":37,"column":0},"end":{"line":41,"column":2}},"22":{"start":{"line":38,"column":17},"end":{"line":38,"column":65}},"23":{"start":{"line":39,"column":20},"end":{"line":39,"column":43}},"24":{"start":{"line":40,"column":4},"end":{"line":40,"column":21}},"25":{"start":{"line":43,"column":0},"end":{"line":74,"column":2}},"26":{"start":{"line":44,"column":67},"end":{"line":44,"column":75}},"27":{"start":{"line":45,"column":4},"end":{"line":47,"column":5}},"28":{"start":{"line":46,"column":8},"end":{"line":46,"column":73}},"29":{"start":{"line":48,"column":4},"end":{"line":73,"column":5}},"30":{"start":{"line":50,"column":19},"end":{"line":50,"column":38}},"31":{"start":{"line":52,"column":20},"end":{"line":52,"column":75}},"32":{"start":{"line":53,"column":21},"end":{"line":57,"column":62}},"33":{"start":{"line":58,"column":8},"end":{"line":67,"column":11}},"34":{"start":{"line":68,"column":8},"end":{"line":68,"column":36}},"35":{"start":{"line":71,"column":8},"end":{"line":71,"column":53}},"36":{"start":{"line":72,"column":8},"end":{"line":72,"column":52}},"37":{"start":{"line":76,"column":0},"end":{"line":131,"column":2}},"38":{"start":{"line":77,"column":4},"end":{"line":77,"column":53}},"39":{"start":{"line":78,"column":4},"end":{"line":78,"column":34}},"40":{"start":{"line":80,"column":4},"end":{"line":82,"column":5}},"41":{"start":{"line":81,"column":8},"end":{"line":81,"column":66}},"42":{"start":{"line":83,"column":67},"end":{"line":83,"column":75}},"43":{"start":{"line":85,"column":4},"end":{"line":87,"column":5}},"44":{"start":{"line":86,"column":8},"end":{"line":86,"column":73}},"45":{"start":{"line":88,"column":4},"end":{"line":130,"column":5}},"46":{"start":{"line":90,"column":19},"end":{"line":90,"column":38}},"47":{"start":{"line":92,"column":20},"end":{"line":92,"column":75}},"48":{"start":{"line":97,"column":8},"end":{"line":106,"column":9}},"49":{"start":{"line":99,"column":12},"end":{"line":99,"column":59}},"50":{"start":{"line":100,"column":15},"end":{"line":106,"column":9}},"51":{"start":{"line":102,"column":12},"end":{"line":102,"column":33}},"52":{"start":{"line":105,"column":12},"end":{"line":105,"column":47}},"53":{"start":{"line":108,"column":21},"end":{"line":112,"column":62}},"54":{"start":{"line":113,"column":8},"end":{"line":122,"column":11}},"55":{"start":{"line":124,"column":8},"end":{"line":124,"column":66}},"56":{"start":{"line":125,"column":8},"end":{"line":125,"column":65}},"57":{"start":{"line":128,"column":8},"end":{"line":128,"column":53}},"58":{"start":{"line":129,"column":8},"end":{"line":129,"column":52}},"59":{"start":{"line":133,"column":0},"end":{"line":133,"column":24}}},"fnMap":{"0":{"name":"(anonymous_0)","decl":{"start":{"line":19,"column":17},"end":{"line":19,"column":18}},"loc":{"start":{"line":19,"column":42},"end":{"line":21,"column":5}},"line":19},"1":{"name":"(anonymous_1)","decl":{"start":{"line":22,"column":14},"end":{"line":22,"column":15}},"loc":{"start":{"line":22,"column":39},"end":{"line":26,"column":5}},"line":22},"2":{"name":"(anonymous_2)","decl":{"start":{"line":31,"column":16},"end":{"line":31,"column":17}},"loc":{"start":{"line":31,"column":30},"end":{"line":35,"column":1}},"line":31},"3":{"name":"(anonymous_3)","decl":{"start":{"line":37,"column":19},"end":{"line":37,"column":20}},"loc":{"start":{"line":37,"column":33},"end":{"line":41,"column":1}},"line":37},"4":{"name":"(anonymous_4)","decl":{"start":{"line":43,"column":17},"end":{"line":43,"column":18}},"loc":{"start":{"line":43,"column":31},"end":{"line":74,"column":1}},"line":43},"5":{"name":"(anonymous_5)","decl":{"start":{"line":76,"column":46},"end":{"line":76,"column":47}},"loc":{"start":{"line":76,"column":60},"end":{"line":131,"column":1}},"line":76}},"branchMap":{"0":{"loc":{"start":{"line":14,"column":0},"end":{"line":16,"column":1}},"type":"if","locations":[{"start":{"line":14,"column":0},"end":{"line":16,"column":1}},{"start":{},"end":{}}],"line":14},"1":{"loc":{"start":{"line":45,"column":4},"end":{"line":47,"column":5}},"type":"if","locations":[{"start":{"line":45,"column":4},"end":{"line":47,"column":5}},{"start":{},"end":{}}],"line":45},"2":{"loc":{"start":{"line":45,"column":8},"end":{"line":45,"column":23}},"type":"binary-expr","locations":[{"start":{"line":45,"column":8},"end":{"line":45,"column":14}},{"start":{"line":45,"column":18},"end":{"line":45,"column":23}}],"line":45},"3":{"loc":{"start":{"line":61,"column":25},"end":{"line":61,"column":44}},"type":"binary-expr","locations":[{"start":{"line":61,"column":25},"end":{"line":61,"column":36}},{"start":{"line":61,"column":40},"end":{"line":61,"column":44}}],"line":61},"4":{"loc":{"start":{"line":65,"column":25},"end":{"line":65,"column":44}},"type":"binary-expr","locations":[{"start":{"line":65,"column":25},"end":{"line":65,"column":36}},{"start":{"line":65,"column":40},"end":{"line":65,"column":44}}],"line":65},"5":{"loc":{"start":{"line":66,"column":25},"end":{"line":66,"column":44}},"type":"cond-expr","locations":[{"start":{"line":66,"column":39},"end":{"line":66,"column":40}},{"start":{"line":66,"column":43},"end":{"line":66,"column":44}}],"line":66},"6":{"loc":{"start":{"line":80,"column":4},"end":{"line":82,"column":5}},"type":"if","locations":[{"start":{"line":80,"column":4},"end":{"line":82,"column":5}},{"start":{},"end":{}}],"line":80},"7":{"loc":{"start":{"line":85,"column":4},"end":{"line":87,"column":5}},"type":"if","locations":[{"start":{"line":85,"column":4},"end":{"line":87,"column":5}},{"start":{},"end":{}}],"line":85},"8":{"loc":{"start":{"line":85,"column":8},"end":{"line":85,"column":23}},"type":"binary-expr","locations":[{"start":{"line":85,"column":8},"end":{"line":85,"column":14}},{"start":{"line":85,"column":18},"end":{"line":85,"column":23}}],"line":85},"9":{"loc":{"start":{"line":97,"column":8},"end":{"line":106,"column":9}},"type":"if","locations":[{"start":{"line":97,"column":8},"end":{"line":106,"column":9}},{"start":{"line":100,"column":15},"end":{"line":106,"column":9}}],"line":97},"10":{"loc":{"start":{"line":100,"column":15},"end":{"line":106,"column":9}},"type":"if","locations":[{"start":{"line":100,"column":15},"end":{"line":106,"column":9}},{"start":{"line":103,"column":15},"end":{"line":106,"column":9}}],"line":100},"11":{"loc":{"start":{"line":116,"column":25},"end":{"line":116,"column":44}},"type":"binary-expr","locations":[{"start":{"line":116,"column":25},"end":{"line":116,"column":36}},{"start":{"line":116,"column":40},"end":{"line":116,"column":44}}],"line":116},"12":{"loc":{"start":{"line":120,"column":25},"end":{"line":120,"column":44}},"type":"binary-expr","locations":[{"start":{"line":120,"column":25},"end":{"line":120,"column":36}},{"start":{"line":120,"column":40},"end":{"line":120,"column":44}}],"line":120},"13":{"loc":{"start":{"line":121,"column":25},"end":{"line":121,"column":44}},"type":"cond-expr","locations":[{"start":{"line":121,"column":39},"end":{"line":121,"column":40}},{"start":{"line":121,"column":43},"end":{"line":121,"column":44}}],"line":121}},"s":{"0":1,"1":1,"2":1,"3":1,"4":1,"5":1,"6":1,"7":1,"8":1,"9":1,"10":1,"11":0,"12":1,"13":0,"14":0,"15":0,"16":1,"17":1,"18":0,"19":0,"20":0,"21":1,"22":0,"23":0,"24":0,"25":1,"26":0,"27":0,"28":0,"29":0,"30":0,"31":0,"32":0,"33":0,"34":0,"35":0,"36":0,"37":1,"38":0,"39":0,"40":0,"41":0,"42":0,"43":0,"44":0,"45":0,"46":0,"47":0,"48":0,"49":0,"50":0,"51":0,"52":0,"53":0,"54":0,"55":0,"56":0,"57":0,"58":0,"59":1},"f":{"0":0,"1":0,"2":0,"3":0,"4":0,"5":0},"b":{"0":[0,1],"1":[0,0],"2":[0,0],"3":[0,0],"4":[0,0],"5":[0,0],"6":[0,0],"7":[0,0],"8":[0,0],"9":[0,0],"10":[0,0],"11":[0,0],"12":[0,0],"13":[0,0]},"_coverageSchema":"1a1c01bbd47fc00a2c39e90264f33305004495a9","hash":"24f3290c94a4f8b0442bac2e6b39da8c0f98840a"}
,"C:\\Users\\alari\\Documents\\DAQAnalyticsWebsiteMK2\\backend\\routes\\locations.js": {"path":"C:\\Users\\alari\\Documents\\DAQAnalyticsWebsiteMK2\\backend\\routes\\locations.js","statementMap":{"0":{"start":{"line":1,"column":16},"end":{"line":1,"column":34}},"1":{"start":{"line":2,"column":15},"end":{"line":2,"column":31}},"2":{"start":{"line":3,"column":11},"end":{"line":3,"column":36}},"3":{"start":{"line":4,"column":15},"end":{"line":4,"column":32}},"4":{"start":{"line":5,"column":13},"end":{"line":5,"column":28}},"5":{"start":{"line":6,"column":19},"end":{"line":6,"column":65}},"6":{"start":{"line":7,"column":16},"end":{"line":7,"column":59}},"7":{"start":{"line":8,"column":12},"end":{"line":8,"column":26}},"8":{"start":{"line":10,"column":0},"end":{"line":10,"column":18}},"9":{"start":{"line":12,"column":0},"end":{"line":21,"column":2}},"10":{"start":{"line":13,"column":4},"end":{"line":20,"column":5}},"11":{"start":{"line":14,"column":21},"end":{"line":14,"column":57}},"12":{"start":{"line":15,"column":30},"end":{"line":15,"column":40}},"13":{"start":{"line":16,"column":8},"end":{"line":16,"column":40}},"14":{"start":{"line":18,"column":8},"end":{"line":18,"column":60}},"15":{"start":{"line":19,"column":8},"end":{"line":19,"column":50}},"16":{"start":{"line":23,"column":0},"end":{"line":35,"column":2}},"17":{"start":{"line":24,"column":4},"end":{"line":34,"column":5}},"18":{"start":{"line":25,"column":21},"end":{"line":25,"column":70}},"19":{"start":{"line":26,"column":25},"end":{"line":26,"column":48}},"20":{"start":{"line":27,"column":8},"end":{"line":29,"column":9}},"21":{"start":{"line":28,"column":12},"end":{"line":28,"column":96}},"22":{"start":{"line":30,"column":8},"end":{"line":30,"column":45}},"23":{"start":{"line":32,"column":8},"end":{"line":32,"column":56}},"24":{"start":{"line":33,"column":8},"end":{"line":33,"column":58}},"25":{"start":{"line":37,"column":0},"end":{"line":80,"column":2}},"26":{"start":{"line":39,"column":22},"end":{"line":39,"column":57}},"27":{"start":{"line":41,"column":4},"end":{"line":48,"column":5}},"28":{"start":{"line":42,"column":24},"end":{"line":42,"column":37}},"29":{"start":{"line":44,"column":24},"end":{"line":44,"column":61}},"30":{"start":{"line":44,"column":41},"end":{"line":44,"column":50}},"31":{"start":{"line":46,"column":8},"end":{"line":46,"column":38}},"32":{"start":{"line":47,"column":8},"end":{"line":47,"column":53}},"33":{"start":{"line":50,"column":80},"end":{"line":50,"column":88}},"34":{"start":{"line":52,"column":15},"end":{"line":52,"column":34}},"35":{"start":{"line":53,"column":16},"end":{"line":53,"column":71}},"36":{"start":{"line":55,"column":4},"end":{"line":79,"column":5}},"37":{"start":{"line":56,"column":21},"end":{"line":60,"column":69}},"38":{"start":{"line":62,"column":8},"end":{"line":72,"column":10}},"39":{"start":{"line":74,"column":8},"end":{"line":74,"column":66}},"40":{"start":{"line":75,"column":8},"end":{"line":75,"column":45}},"41":{"start":{"line":77,"column":8},"end":{"line":77,"column":59}},"42":{"start":{"line":78,"column":8},"end":{"line":78,"column":57}},"43":{"start":{"line":82,"column":0},"end":{"line":82,"column":23}}},"fnMap":{"0":{"name":"(anonymous_0)","decl":{"start":{"line":12,"column":16},"end":{"line":12,"column":17}},"loc":{"start":{"line":12,"column":30},"end":{"line":21,"column":1}},"line":12},"1":{"name":"(anonymous_1)","decl":{"start":{"line":23,"column":19},"end":{"line":23,"column":20}},"loc":{"start":{"line":23,"column":33},"end":{"line":35,"column":1}},"line":23},"2":{"name":"(anonymous_2)","decl":{"start":{"line":37,"column":17},"end":{"line":37,"column":18}},"loc":{"start":{"line":37,"column":31},"end":{"line":80,"column":1}},"line":37},"3":{"name":"(anonymous_3)","decl":{"start":{"line":44,"column":36},"end":{"line":44,"column":37}},"loc":{"start":{"line":44,"column":41},"end":{"line":44,"column":50}},"line":44}},"branchMap":{"0":{"loc":{"start":{"line":27,"column":8},"end":{"line":29,"column":9}},"type":"if","locations":[{"start":{"line":27,"column":8},"end":{"line":29,"column":9}},{"start":{},"end":{}}],"line":27},"1":{"loc":{"start":{"line":41,"column":4},"end":{"line":48,"column":5}},"type":"if","locations":[{"start":{"line":41,"column":4},"end":{"line":48,"column":5}},{"start":{},"end":{}}],"line":41},"2":{"loc":{"start":{"line":66,"column":25},"end":{"line":66,"column":44}},"type":"cond-expr","locations":[{"start":{"line":66,"column":39},"end":{"line":66,"column":40}},{"start":{"line":66,"column":43},"end":{"line":66,"column":44}}],"line":66}},"s":{"0":1,"1":1,"2":1,"3":1,"4":1,"5":1,"6":1,"7":1,"8":1,"9":1,"10":2,"11":2,"12":2,"13":2,"14":0,"15":0,"16":1,"17":2,"18":2,"19":2,"20":2,"21":1,"22":1,"23":0,"24":0,"25":1,"26":3,"27":3,"28":2,"29":2,"30":2,"31":2,"32":2,"33":1,"34":1,"35":1,"36":1,"37":1,"38":1,"39":1,"40":1,"41":0,"42":0,"43":1},"f":{"0":2,"1":2,"2":3,"3":2},"b":{"0":[1,1],"1":[2,1],"2":[1,0]},"_coverageSchema":"1a1c01bbd47fc00a2c39e90264f33305004495a9","hash":"b0f6f2ed7ee1e6dfeef01a4c4795a4117ad13d72"}
,"C:\\Users\\alari\\Documents\\DAQAnalyticsWebsiteMK2\\backend\\routes\\vehicles.js": {"path":"C:\\Users\\alari\\Documents\\DAQAnalyticsWebsiteMK2\\backend\\routes\\vehicles.js","statementMap":{"0":{"start":{"line":1,"column":16},"end":{"line":1,"column":34}},"1":{"start":{"line":2,"column":15},"end":{"line":2,"column":31}},"2":{"start":{"line":3,"column":11},"end":{"line":3,"column":36}},"3":{"start":{"line":4,"column":15},"end":{"line":4,"column":32}},"4":{"start":{"line":5,"column":13},"end":{"line":5,"column":28}},"5":{"start":{"line":7,"column":0},"end":{"line":7,"column":18}},"6":{"start":{"line":9,"column":0},"end":{"line":44,"column":2}},"7":{"start":{"line":10,"column":4},"end":{"line":10,"column":53}},"8":{"start":{"line":12,"column":35},"end":{"line":12,"column":43}},"9":{"start":{"line":14,"column":4},"end":{"line":16,"column":5}},"10":{"start":{"line":15,"column":8},"end":{"line":15,"column":73}},"11":{"start":{"line":17,"column":4},"end":{"line":43,"column":5}},"12":{"start":{"line":19,"column":19},"end":{"line":19,"column":38}},"13":{"start":{"line":21,"column":20},"end":{"line":21,"column":75}},"14":{"start":{"line":24,"column":21},"end":{"line":28,"column":34}},"15":{"start":{"line":29,"column":8},"end":{"line":35,"column":11}},"16":{"start":{"line":37,"column":8},"end":{"line":37,"column":66}},"17":{"start":{"line":38,"column":8},"end":{"line":38,"column":36}},"18":{"start":{"line":41,"column":8},"end":{"line":41,"column":53}},"19":{"start":{"line":42,"column":8},"end":{"line":42,"column":52}},"20":{"start":{"line":46,"column":0},"end":{"line":55,"column":2}},"21":{"start":{"line":47,"column":4},"end":{"line":54,"column":5}},"22":{"start":{"line":48,"column":21},"end":{"line":48,"column":71}},"23":{"start":{"line":49,"column":25},"end":{"line":49,"column":35}},"24":{"start":{"line":50,"column":8},"end":{"line":50,"column":26}},"25":{"start":{"line":52,"column":8},"end":{"line":52,"column":54}},"26":{"start":{"line":53,"column":8},"end":{"line":53,"column":52}},"27":{"start":{"line":57,"column":0},"end":{"line":69,"column":2}},"28":{"start":{"line":58,"column":4},"end":{"line":68,"column":5}},"29":{"start":{"line":59,"column":21},"end":{"line":59,"column":69}},"30":{"start":{"line":60,"column":24},"end":{"line":60,"column":47}},"31":{"start":{"line":61,"column":8},"end":{"line":63,"column":9}},"32":{"start":{"line":62,"column":12},"end":{"line":62,"column":71}},"33":{"start":{"line":64,"column":8},"end":{"line":64,"column":25}},"34":{"start":{"line":66,"column":8},"end":{"line":66,"column":53}},"35":{"start":{"line":67,"column":8},"end":{"line":67,"column":52}},"36":{"start":{"line":71,"column":0},"end":{"line":71,"column":23}}},"fnMap":{"0":{"name":"(anonymous_0)","decl":{"start":{"line":9,"column":17},"end":{"line":9,"column":18}},"loc":{"start":{"line":9,"column":31},"end":{"line":44,"column":1}},"line":9},"1":{"name":"(anonymous_1)","decl":{"start":{"line":46,"column":16},"end":{"line":46,"column":17}},"loc":{"start":{"line":46,"column":30},"end":{"line":55,"column":1}},"line":46},"2":{"name":"(anonymous_2)","decl":{"start":{"line":57,"column":19},"end":{"line":57,"column":20}},"loc":{"start":{"line":57,"column":33},"end":{"line":69,"column":1}},"line":57}},"branchMap":{"0":{"loc":{"start":{"line":14,"column":4},"end":{"line":16,"column":5}},"type":"if","locations":[{"start":{"line":14,"column":4},"end":{"line":16,"column":5}},{"start":{},"end":{}}],"line":14},"1":{"loc":{"start":{"line":32,"column":25},"end":{"line":32,"column":44}},"type":"binary-expr","locations":[{"start":{"line":32,"column":25},"end":{"line":32,"column":36}},{"start":{"line":32,"column":40},"end":{"line":32,"column":44}}],"line":32},"2":{"loc":{"start":{"line":61,"column":8},"end":{"line":63,"column":9}},"type":"if","locations":[{"start":{"line":61,"column":8},"end":{"line":63,"column":9}},{"start":{},"end":{}}],"line":61}},"s":{"0":1,"1":1,"2":1,"3":1,"4":1,"5":1,"6":1,"7":0,"8":0,"9":0,"10":0,"11":0,"12":0,"13":0,"14":0,"15":0,"16":0,"17":0,"18":0,"19":0,"20":1,"21":0,"22":0,"23":0,"24":0,"25":0,"26":0,"27":1,"28":0,"29":0,"30":0,"31":0,"32":0,"33":0,"34":0,"35":0,"36":1},"f":{"0":0,"1":0,"2":0},"b":{"0":[0,0],"1":[0,0],"2":[0,0]},"_coverageSchema":"1a1c01bbd47fc00a2c39e90264f33305004495a9","hash":"0175ce8de6ba8676f7feea129eab31f331532d20"}
}
